This is pdfTeX, Version 3.1415926-2.3-1.40.12 (MiKTeX 2.9 64-bit) (preloaded format=pdflatex 2014.11.17)  26 NOV 2014 17:45
entering extended mode
**Transport-V4.tex
("C:\Users\thiyagan\Documents\Dropbox\TCD\work\Project work\Mn2RuGa\Paper writing\transport\Transport-V4.tex"
LaTeX2e <2011/06/27>
Babel <v3.8m> and hyphenation patterns for english, afrikaans, ancientgreek, arabic, armenian, assamese, basque, bengali
, bokmal, bulgarian, catalan, coptic, croatian, czech, danish, dutch, esperanto, estonian, farsi, finnish, french, galic
ian, german, german-x-2009-06-19, greek, gujarati, hindi, hungarian, icelandic, indonesian, interlingua, irish, italian,
 kannada, kurmanji, lao, latin, latvian, lithuanian, malayalam, marathi, mongolian, mongolianlmc, monogreek, ngerman, ng
erman-x-2009-06-19, nynorsk, oriya, panjabi, pinyin, polish, portuguese, romanian, russian, sanskrit, serbian, slovak, s
lovenian, spanish, swedish, swissgerman, tamil, telugu, turkish, turkmen, ukenglish, ukrainian, uppersorbian, usenglishm
ax, welsh, loaded.
("C:\Program Files\MiKTeX 2.9\tex\latex\revtex\revtex4-1.cls"
Document Class: revtex4-1 2010/07/25/20:33:00 4.1r (http://publish.aps.org/revtex4/ for documentation)
 Copyright (c) 2009 The American Physical Society.
 mailto:revtex@aps.org
 Licensed under the LPPL:
http://www.ctan.org/tex-archive/macros/latex/base/lppl.txt
 Arthur Ogawa <arthur_ogawa at sbcglobal dot net>
 Based on work by David Carlisle <david at dcarlisle.demon.co.uk>.
ltxutil[2010/07/25/20:33:00 4.1r utilities package (portions licensed from W. E. Baxter web at superscript.com)]
LaTeX Info: Redefining \@centercr on input line 308.
Class revtex4-1 Info: Repairing broken LaTeX eqnarray on input line 358.
\eqncolsep=\skip41
Class revtex4-1 Info: Repairing hyperref-unfriendly LaTeX definition of \mpfootnote on input line 433.
Class revtex4-1 Info: Repairing broken LateX \@sect on input line 755.
\intertabularlinepenalty=\count79
\@tbpen=\count80
\@arstrutbox@hline=\box26
Class revtex4-1 Info: Repairing broken LaTeX \@xbitor on input line 1786.
Class revtex4-1 Info: Making \typeout \long on input line 2046.
ltxfront[2010/07/25/20:33:00 4.1r frontmatter package (AO,DPC)]
\c@affil=\count81
\c@collab=\count82
\absbox=\box27
ltxgrid[2010/07/25/20:33:00 4.1r page grid package (portions licensed from W. E. Baxter web at superscript.com)]
\c@linecount=\count83
\output@latex=\toks14
\box@size@1=\box28
\box@size@2=\box29
\@protection@box=\box30
\@topmark@saved=\toks15
\footins@saved=\box31
\footins@recovered=\box32
\column@recovered=\box33
\pagesofar=\box34
\footsofar=\box35
\pagegrid@col=\count84
Class revtex4-1 Info: Overriding \@vspace, \@vspacer, \@no@pgbk, \@newline, and \\  on input line 5578.
\c@part=\count85
\c@section=\count86
\c@subsection=\count87
\c@subsubsection=\count88
\c@paragraph=\count89
\c@subparagraph=\count90
\abovecaptionskip=\skip42
\belowcaptionskip=\skip43
\c@figure=\count91
\fbox@1=\box36
\c@table=\count92
\fbox@2=\box37
\c@video=\count93
\fbox@4=\box38
\@bibdataout=\write3
\widetext@top=\box39
\widetext@bot=\box40
Class revtex4-1 Info: Selecting society aip on input line 7542.
("C:\Program Files\MiKTeX 2.9\tex\latex\revtex\aip4-1.rtx"
File: aip4-1.rtx 2010/07/25 4.1r AIP substyle for REVTeX
Class revtex4-1 Info: RevTeX society AIP selected on input line 67.
)
Class revtex4-1 Info: Selecting journal apl on input line 7544.

Using journal substyle apl.
Class revtex4-1 Info: Reading file aps10pt4-1.rtx on input line 7547.
("C:\Program Files\MiKTeX 2.9\tex\latex\revtex\aps10pt4-1.rtx"
File: aps10pt4-1 2010/07/25/20:33:00 4.1r (http://publish.aps.org/revtex4/ for documentation)
Class revtex4-1 Info: RevTeX pointsize 10pt selected on input line 30.
)
Class revtex4-1 Info: Overriding 10pt on input line 7547.

("C:\Program Files\MiKTeX 2.9\tex\latex\textcase\textcase.sty"
Package: textcase 2004/10/07 v0.07 Text only upper/lower case changing (DPC)
) ("C:\Program Files\MiKTeX 2.9\tex\latex\ltxmisc\url.sty"
\Urlmuskip=\muskip10
Package: url 2006/04/12  ver 3.3  Verb mode for urls, etc.
) ("C:\Program Files\MiKTeX 2.9\tex\latex\natbib\natbib.sty"
Package: natbib 2010/09/13 8.31b (PWD, AO)
\bibhang=\skip44
\bibsep=\skip45
LaTeX Info: Redefining \cite on input line 694.
\c@NAT@ctr=\count94
)
Class revtex4-1 Info: Repairing natbib's \BibitemShut on input line 7549.

("C:\Program Files\MiKTeX 2.9\tex\latex\revtex\revsymb4-1.sty"
Package: revsymb4-1 2010/07/25/20:33:00 4.1r (http://publish.aps.org/revtex4/ for documentation)
LaTeX Info: Redefining \REV@mathfrak on input line 119.
))
("C:\Program Files\MiKTeX 2.9\tex\latex\graphics\graphicx.sty"
Package: graphicx 1999/02/16 v1.0f Enhanced LaTeX Graphics (DPC,SPQR)

("C:\Program Files\MiKTeX 2.9\tex\latex\graphics\keyval.sty"
Package: keyval 1999/03/16 v1.13 key=value parser (DPC)
\KV@toks@=\toks16
)
("C:\Program Files\MiKTeX 2.9\tex\latex\graphics\graphics.sty"
Package: graphics 2009/02/05 v1.0o Standard LaTeX Graphics (DPC,SPQR)
 ("C:\Program Files\MiKTeX 2.9\tex\latex\graphics\trig.sty"
Package: trig 1999/03/16 v1.09 sin cos tan (DPC)
) ("C:\Program Files\MiKTeX 2.9\tex\latex\00miktex\graphics.cfg"
File: graphics.cfg 2007/01/18 v1.5 graphics configuration of teTeX/TeXLive
)
Package graphics Info: Driver file: pdftex.def on input line 91.

("C:\Program Files\MiKTeX 2.9\tex\latex\pdftex-def\pdftex.def"
File: pdftex.def 2011/05/27 v0.06d Graphics/color for pdfTeX

("C:\Program Files\MiKTeX 2.9\tex\generic\oberdiek\infwarerr.sty"
Package: infwarerr 2010/04/08 v1.3 Providing info/warning/message (HO)
)
("C:\Program Files\MiKTeX 2.9\tex\generic\oberdiek\ltxcmds.sty"
Package: ltxcmds 2011/04/18 v1.20 LaTeX kernel commands for general use (HO)
)
\Gread@gobject=\count95
))
\Gin@req@height=\dimen102
\Gin@req@width=\dimen103
)
("C:\Program Files\MiKTeX 2.9\tex\latex\siunitx\siunitx.sty" ("C:\Program Files\MiKTeX 2.9\tex\latex\l3kernel\expl3.sty"
("C:\Program Files\MiKTeX 2.9\tex\latex\l3kernel\l3names.sty"
("C:\Program Files\MiKTeX 2.9\tex\latex\l3kernel\l3bootstrap.sty"
Package: l3bootstrap 2011/09/10 v2798 L3 Experimental bootstrap code
)
Package: l3names 2011/09/07 v2776 L3 Experimental namespace for primitives
) ("C:\Program Files\MiKTeX 2.9\tex\latex\misc\etex.sty"
Package: etex 1998/03/26 v2.0 eTeX basic definition package (PEB)
\et@xins=\count96
) ("C:\Program Files\MiKTeX 2.9\tex\latex\tools\calc.sty"
Package: calc 2007/08/22 v4.3 Infix arithmetic (KKT,FJ)
\calc@Acount=\count97
\calc@Bcount=\count98
\calc@Adimen=\dimen104
\calc@Bdimen=\dimen105
\calc@Askip=\skip46
\calc@Bskip=\skip47
LaTeX Info: Redefining \setlength on input line 76.
LaTeX Info: Redefining \addtolength on input line 77.
\calc@Ccount=\count99
\calc@Cskip=\skip48
) ("C:\Program Files\MiKTeX 2.9\tex\latex\graphics\color.sty"
Package: color 2005/11/14 v1.0j Standard LaTeX Color (DPC)
("C:\Program Files\MiKTeX 2.9\tex\latex\00miktex\color.cfg"
File: color.cfg 2007/01/18 v1.5 color configuration of teTeX/TeXLive
)
Package color Info: Driver file: pdftex.def on input line 130.
)
Package: expl3 2011/09/15 v2828 L3 Experimental code bundle wrapper

("C:\Program Files\MiKTeX 2.9\tex\latex\l3kernel\l3basics.sty"
Package: l3basics 2011/09/12 v2817 L3 Experimental basic definitions
)
("C:\Program Files\MiKTeX 2.9\tex\latex\l3kernel\l3expan.sty"
Package: l3expan 2011/09/12 v2812 L3 Experimental argument expansion
) ("C:\Program Files\MiKTeX 2.9\tex\latex\l3kernel\l3tl.sty"
Package: l3tl 2011/09/12 v2812 L3 Experimental token lists
) ("C:\Program Files\MiKTeX 2.9\tex\latex\l3kernel\l3seq.sty"
Package: l3seq 2011/09/12 v2812 L3 Experimental sequences and stacks
)
("C:\Program Files\MiKTeX 2.9\tex\latex\l3kernel\l3int.sty"
Package: l3int 2011/09/12 v2812 L3 Experimental integers
\c_max_int=\count100
\l_tmpa_int=\count101
\l_tmpb_int=\count102
\l_tmpc_int=\count103
\g_tmpa_int=\count104
\g_tmpb_int=\count105
\g_seq_nesting_depth_int=\count106
\g_tl_inline_level_int=\count107
) ("C:\Program Files\MiKTeX 2.9\tex\latex\l3kernel\l3quark.sty"
Package: l3quark 2011/09/10 v2798 L3 Experimental quarks
) ("C:\Program Files\MiKTeX 2.9\tex\latex\l3kernel\l3prg.sty"
Package: l3prg 2011/09/15 v2827 L3 Experimental control structures
\g_prg_stepwise_level_int=\count108
)
("C:\Program Files\MiKTeX 2.9\tex\latex\l3kernel\l3clist.sty"
Package: l3clist 2011/09/10 v2798 L3 Experimental comma separated lists
\g_clist_map_inline_int=\count109
)
("C:\Program Files\MiKTeX 2.9\tex\latex\l3kernel\l3token.sty"
Package: l3token 2011/09/12 v2819 L3 Experimental token manipulation
)
("C:\Program Files\MiKTeX 2.9\tex\latex\l3kernel\l3prop.sty"
Package: l3prop 2011/09/12 v2820 L3 Experimental property lists
\g_prop_map_inline_int=\count110
) ("C:\Program Files\MiKTeX 2.9\tex\latex\l3kernel\l3msg.sty"
Package: l3msg 2011/09/12 v2812 L3 Experimental messages
) ("C:\Program Files\MiKTeX 2.9\tex\latex\l3kernel\l3io.sty"
Package: l3io 2011/09/10 v2799 L3 Experimental input-output operations
\l_iow_stream_int=\count111
\l_iow_line_length_int=\count112
\l_iow_target_length_int=\count113
\l_iow_current_line_int=\count114
\l_iow_current_word_int=\count115
)
("C:\Program Files\MiKTeX 2.9\tex\latex\l3kernel\l3file.sty"
Package: l3file 2011/09/07 v2776 L3 Experimental file operations
) ("C:\Program Files\MiKTeX 2.9\tex\latex\l3kernel\l3skip.sty"
Package: l3skip 2011/09/12 v2818 L3 Experimental dimensions and skips
\l_tmpa_dim=\dimen106
\l_tmpb_dim=\dimen107
\l_tmpc_dim=\dimen108
\g_tmpa_dim=\dimen109
\g_tmpb_dim=\dimen110
\l_tmpa_skip=\skip49
\l_tmpb_skip=\skip50
\l_tmpc_skip=\skip51
\g_tmpa_skip=\skip52
\g_tmpb_skip=\skip53
) ("C:\Program Files\MiKTeX 2.9\tex\latex\l3kernel\l3keys.sty"
Package: l3keys 2011/09/10 v2800 L3 Experimental key-value interfaces
\g_keyval_level_int=\count116
\l_keys_choice_int=\count117
)
("C:\Program Files\MiKTeX 2.9\tex\latex\l3kernel\l3fp.sty"
Package: l3fp 2011/09/12 v2812 L3 Experimental floating-point operations
\c_one_million=\count118
\c_one_hundred_million=\count119
\c_five_hundred_million=\count120
\c_one_thousand_million=\count121
\c_fp_pi_by_four_decimal_int=\count122
\c_fp_pi_by_four_extended_int=\count123
\c_fp_pi_decimal_int=\count124
\c_fp_pi_extended_int=\count125
\c_fp_two_pi_decimal_int=\count126
\c_fp_two_pi_extended_int=\count127
\l_fp_count_int=\count128
\l_fp_div_offset_int=\count129
\l_fp_exp_integer_int=\count130
\l_fp_exp_decimal_int=\count131
\l_fp_exp_extended_int=\count132
\l_fp_exp_exponent_int=\count133
\l_fp_input_a_sign_int=\count134
\l_fp_input_a_integer_int=\count135
\l_fp_input_a_decimal_int=\count136
\l_fp_input_a_exponent_int=\count137
\l_fp_input_b_sign_int=\count138
\l_fp_input_b_integer_int=\count139
\l_fp_input_b_decimal_int=\count140
\l_fp_input_b_exponent_int=\count141
\l_fp_input_a_extended_int=\count142
\l_fp_input_b_extended_int=\count143
\l_fp_mul_a_i_int=\count144
\l_fp_mul_a_ii_int=\count145
\l_fp_mul_a_iii_int=\count146
\l_fp_mul_a_iv_int=\count147
\l_fp_mul_a_v_int=\count148
\l_fp_mul_a_vi_int=\count149
\l_fp_mul_b_i_int=\count150
\l_fp_mul_b_ii_int=\count151
\l_fp_mul_b_iii_int=\count152
\l_fp_mul_b_iv_int=\count153
\l_fp_mul_b_v_int=\count154
\l_fp_mul_b_vi_int=\count155
\l_fp_mul_output_int=\count156
\l_fp_output_sign_int=\count157
\l_fp_output_integer_int=\count158
\l_fp_output_decimal_int=\count159
\l_fp_output_exponent_int=\count160
\l_fp_output_extended_int=\count161
\l_fp_round_position_int=\count162
\l_fp_round_target_int=\count163
\l_fp_split_sign_int=\count164
\l_fp_tmp_int=\count165
\l_fp_trig_octant_int=\count166
\l_fp_trig_sign_int=\count167
\l_fp_trig_decimal_int=\count168
\l_fp_trig_extended_int=\count169
\l_fp_tmp_dim=\dimen111
\l_fp_tmp_skip=\skip54
) ("C:\Program Files\MiKTeX 2.9\tex\latex\l3kernel\l3box.sty"
Package: l3box 2011/09/10 v2799 L3 Experimental boxes
\l_tmpb_box=\box41
\l_box_top_dim=\dimen112
\l_box_bottom_dim=\dimen113
\l_box_left_dim=\dimen114
\l_box_right_dim=\dimen115
\l_box_top_new_dim=\dimen116
\l_box_bottom_new_dim=\dimen117
\l_box_left_new_dim=\dimen118
\l_box_right_new_dim=\dimen119
\l_box_tmp_box=\box42
) ("C:\Program Files\MiKTeX 2.9\tex\latex\l3kernel\l3coffins.sty"
Package: l3coffins 2011/09/12 v2814 L3 Experimental coffin code layer
\l_coffin_tmp_box=\box43
\l_coffin_tmp_dim=\dimen120
\l_coffin_offset_x_dim=\dimen121
\l_coffin_offset_y_dim=\dimen122
\l_coffin_x_dim=\dimen123
\l_coffin_y_dim=\dimen124
\l_coffin_x_prime_dim=\dimen125
\l_coffin_y_prime_dim=\dimen126
\l_coffin_Depth_dim=\dimen127
\l_coffin_Height_dim=\dimen128
\l_coffin_TotalHeight_dim=\dimen129
\l_coffin_Width_dim=\dimen130
\c_empty_coffin=\box44
\l_coffin_aligned_coffin=\box45
\l_coffin_aligned_internal_coffin=\box46
\l_coffin_bounding_shift_dim=\dimen131
\l_coffin_left_corner_dim=\dimen132
\l_coffin_right_corner_dim=\dimen133
\l_coffin_bottom_corner_dim=\dimen134
\l_coffin_top_corner_dim=\dimen135
\l_coffin_scaled_total_height_dim=\dimen136
\l_coffin_scaled_width_dim=\dimen137
\l_coffin_display_coffin=\box47
\l_coffin_display_coord_coffin=\box48
\l_coffin_display_pole_coffin=\box49
\l_coffin_display_offset_dim=\dimen138
\l_coffin_display_x_dim=\dimen139
\l_coffin_display_y_dim=\dimen140
)
("C:\Program Files\MiKTeX 2.9\tex\latex\l3kernel\l3color.sty"
Package: l3color 2011/09/07 v2776 L3 Experimental colour support
)
("C:\Program Files\MiKTeX 2.9\tex\latex\l3kernel\l3luatex.sty"
Package: l3luatex 2011/09/10 v2798 L3 Experimental LuaTeX-specific functions
\g_cctab_allocate_int=\count170
\g_cctab_stack_int=\count171
))
Package: siunitx 2011/09/13 v2.3f A comprehensive (SI) units package

("C:\Program Files\MiKTeX 2.9\tex\latex\ams\math\amstext.sty"
Package: amstext 2000/06/29 v2.01
 ("C:\Program Files\MiKTeX 2.9\tex\latex\ams\math\amsgen.sty"
File: amsgen.sty 1999/11/30 v2.0
\@emptytoks=\toks17
\ex@=\dimen141
)
LaTeX Info: Redefining \text on input line 53.
) ("C:\Program Files\MiKTeX 2.9\tex\latex\tools\array.sty"
Package: array 2008/09/09 v2.4c Tabular extension package (FMi)
\col@sep=\dimen142
\extrarowheight=\dimen143
\NC@list=\toks18
\extratabsurround=\skip55
\backup@length=\skip56
)
("C:\Program Files\MiKTeX 2.9\tex\latex\l3packages\l3keys2e\l3keys2e.sty"
("C:\Program Files\MiKTeX 2.9\tex\latex\l3packages\xparse\xparse.sty"
Package: xparse 2011/09/15 v2828 L3 Experimental document command parser
\l_xparse_m_args_int=\count172
\l_xparse_mandatory_args_int=\count173
\l_xparse_processor_int=\count174
\l_xparse_total_args_int=\count175
)
Package: l3keys2e 2011/09/15 v2828 LaTeX2e option processing using LaTeX3 keys
)
\l_siunitx_tmp_box=\box50
\l_siunitx_tmp_dim=\dimen144
\l_siunitx_tmp_int=\count176
Variant \prop_get:NVNT already defined; not changing it on line 371
Variant \prop_get:NVNF already defined; not changing it on line 372
Variant \prop_get:NVNTF already defined; not changing it on line 373
\l_siunitx_number_mantissa_length_int=\count177
\l_siunitx_number_uncert_length_int=\count178
\l_siunitx_round_int=\count179
\l_siunitx_process_decimal_int=\count180
\l_siunitx_process_uncertainty_int=\count181
\l_siunitx_process_fixed_int=\count182
\l_siunitx_process_integer_min_int=\count183
\l_siunitx_process_precision_int=\count184
\l_siunitx_group_min_int=\count185
\l_siunitx_angle_marker_box=\box51
\l_siunitx_angle_unit_box=\box52
\l_siunitx_angle_marker_dim=\dimen145
\l_siunitx_angle_unit_dim=\dimen146
\l_siunitx_unit_int=\count186
\l_siunitx_unit_denominator_int=\count187
\l_siunitx_unit_numerator_int=\count188
\l_siunitx_unit_prefix_int=\count189
\l_siunitx_unit_prefix_base_int=\count190
\l_siunitx_unit_prefix_gram_int=\count191
\l_siunitx_number_product_int=\count192
\c_siunitx_one_fill_skip=\skip57
\l_siunitx_table_unit_align_skip=\skip58
\l_siunitx_table_exponent_dim=\dimen147
\l_siunitx_table_integer_dim=\dimen148
\l_siunitx_table_mantissa_dim=\dimen149
\l_siunitx_table_marker_dim=\dimen150
\l_siunitx_table_result_dim=\dimen151
\l_siunitx_table_uncert_dim=\dimen152
\l_siunitx_table_fill_pre_dim=\dimen153
\l_siunitx_table_fill_post_dim=\dimen154
\l_siunitx_table_fill_mid_dim=\dimen155
\l_siunitx_table_pre_box=\box53
\l_siunitx_table_post_box=\box54
\l_siunitx_table_mantissa_box=\box55
\l_siunitx_table_result_box=\box56
\l_siunitx_table_number_align_skip=\skip59
\l_siunitx_table_text_align_skip=\skip60
.................................................
. xparse info: "define-command"
. 
. Defining document command \DeclareBinaryPrefix with arg. spec. 'mmm' on line
. 6868.
.................................................
.................................................
. xparse info: "define-command"
. 
. Defining document command \DeclareSIPostPower with arg. spec. 'mm' on line
. 6871.
.................................................
.................................................
. xparse info: "define-command"
. 
. Defining document command \DeclareSIPrefix with arg. spec. 'mmm' on line
. 6874.
.................................................
.................................................
. xparse info: "define-command"
. 
. Defining document command \DeclareSIPrePower with arg. spec. 'mm' on line
. 6877.
.................................................
.................................................
. xparse info: "define-command"
. 
. Defining document command \DeclareSIQualifier with arg. spec. 'mm' on line
. 6880.
.................................................
.................................................
. xparse info: "define-command"
. 
. Defining document command \DeclareSIUnit with arg. spec. 'O{}mm' on line
. 6883.
.................................................
.................................................
. xparse info: "define-command"
. 
. Defining document command \DeclareSIUnitWithOptions with arg. spec. 'mmm' on
. line 6886.
.................................................
.................................................
. xparse info: "define-command"
. 
. Defining document command \ang with arg. spec. 'o>{\SplitArgument {2}{;}}m'
. on line 6901.
.................................................
.................................................
. xparse info: "define-command"
. 
. Defining document command \num with arg. spec. 'om' on line 6908.
.................................................
.................................................
. xparse info: "define-command"
. 
. Defining document command \numlist with arg. spec. 'o>{\SplitList {;}}m' on
. line 6915.
.................................................
.................................................
. xparse info: "define-command"
. 
. Defining document command \numrange with arg. spec. 'omm' on line 6922.
.................................................
.................................................
. xparse info: "define-command"
. 
. Defining document command \SIlist with arg. spec. 'o>{\SplitList {;}}mm' on
. line 6932.
.................................................
.................................................
. xparse info: "define-command"
. 
. Defining document command \SIrange with arg. spec. 'ommm' on line 6942.
.................................................
.................................................
. xparse info: "define-command"
. 
. Defining document command \SI with arg. spec. 'omom' on line 6952.
.................................................
.................................................
. xparse info: "define-command"
. 
. Defining document command \sisetup with arg. spec. 'm' on line 6955.
.................................................
.................................................
. xparse info: "define-command"
. 
. Defining document command \tablenum with arg. spec. 'om' on line 6966.
.................................................
.................................................
. xparse info: "define-command"
. 
. Defining document command \si with arg. spec. 'om' on line 6976.
.................................................
.................................................
. xparse info: "define-command"
. 
. Defining document command \siunitx_bookmark_num:w with arg. spec. 'om' on
. line 7014.
.................................................
.................................................
. xparse info: "define-command"
. 
. Defining document command \siunitx_bookmark_numrange:w with arg. spec. 'omm'
. on line 7016.
.................................................
.................................................
. xparse info: "define-command"
. 
. Defining document command \siunitx_bookmark_SI:w with arg. spec. 'omom' on
. line 7018.
.................................................
.................................................
. xparse info: "define-command"
. 
. Defining document command \siunitx_bookmark_SIlist:w with arg. spec. 'omm'
. on line 7020.
.................................................
.................................................
. xparse info: "define-command"
. 
. Defining document command \siunitx_bookmark_SIrange:w with arg. spec. 'ommm'
. on line 7022.
.................................................
.................................................
. xparse info: "define-command"
. 
. Defining document command \siunitx_bookmark_si:w with arg. spec. 'om' on
. line 7023.
.................................................
\g_ior_tmp_stream=\read1

("C:\Program Files\MiKTeX 2.9\tex\latex\beamer\base\translator\translator.sty"
Package: translator 2010/06/12 ver 1.10

("C:\Program Files\MiKTeX 2.9\tex\latex\beamer\base\translator\translator-language-mappings.tex")))
("C:\Program Files\MiKTeX 2.9\tex\latex\mhchem\mhchem.sty"
Package: mhchem 2011/06/03 v3.11 for typesetting chemical formulae
 ("C:\Program Files\MiKTeX 2.9\tex\latex\base\ifthen.sty"
Package: ifthen 2001/05/26 v1.1c Standard LaTeX ifthen package (DPC)
)
("C:\Program Files\MiKTeX 2.9\tex\latex\oberdiek\twoopt.sty"
Package: twoopt 2008/08/11 v1.5 Definitions with two optional arguments (HO)
)
("C:\Program Files\MiKTeX 2.9\tex\latex\ams\math\amsmath.sty"
Package: amsmath 2000/07/18 v2.13 AMS math features
\@mathmargin=\skip61

For additional information on amsmath, use the `?' option.
("C:\Program Files\MiKTeX 2.9\tex\latex\ams\math\amsbsy.sty"
Package: amsbsy 1999/11/29 v1.2d
\pmbraise@=\dimen156
) ("C:\Program Files\MiKTeX 2.9\tex\latex\ams\math\amsopn.sty"
Package: amsopn 1999/12/14 v2.01 operator names
)
\inf@bad=\count193
LaTeX Info: Redefining \frac on input line 211.
\uproot@=\count194
\leftroot@=\count195
LaTeX Info: Redefining \overline on input line 307.
\classnum@=\count196
\DOTSCASE@=\count197
LaTeX Info: Redefining \ldots on input line 379.
LaTeX Info: Redefining \dots on input line 382.
LaTeX Info: Redefining \cdots on input line 467.
\Mathstrutbox@=\box57
\strutbox@=\box58
\big@size=\dimen157
LaTeX Font Info:    Redeclaring font encoding OML on input line 567.
LaTeX Font Info:    Redeclaring font encoding OMS on input line 568.
\macc@depth=\count198
\c@MaxMatrixCols=\count199
\dotsspace@=\muskip11
\c@parentequation=\count200
\dspbrk@lvl=\count201
\tag@help=\toks19
Normal \count register pool exhausted, switching to extended pool.
\row@=\count277
\column@=\count278
\maxfields@=\count279
\andhelp@=\toks20
\eqnshift@=\dimen158
\alignsep@=\dimen159
\tagshift@=\dimen160
\tagwidth@=\dimen161
\totwidth@=\dimen162
\lineht@=\dimen163
\@envbody=\toks21
\multlinegap=\skip62
\multlinetaggap=\skip63
\mathdisplay@stack=\toks22
LaTeX Info: Redefining \[ on input line 2666.
LaTeX Info: Redefining \] on input line 2667.
)
\tok@mhchem@ce@iii=\toks23
\mhchem@arrowminlength=\skip64
\mhchem@arrows@box=\box59
\mhchem@arrowlength@pgf=\skip65
\mhchem@arrowminlength@pgf=\skip66
\mhchem@bondwidth=\skip67
\mhchem@bondheight=\skip68
\mhchem@smallbondwidth@tmpA=\skip69
\mhchem@smallbondwidth@tmpB=\skip70
\mhchem@smallbondwidth=\skip71
\mhchem@cf@result=\toks24
\mhchem@cf@element=\toks25
\mhchem@cf@amount=\toks26
\mhchem@cf@sup=\toks27
\mhchem@cf@presub=\toks28
\mhchem@cf@presup=\toks29
\mhchem@cf@replaceMath@result=\toks30
\mhchem@cf@replaceMathMinusDot@result=\toks31
\mhchem@prepostscript@tmp@i=\skip72
\mhchem@prepostscript@tmp@ii=\skip73
\mhchem@mathbox@tmp@i=\skip74
\mhchem@mathbox@tmp@ii=\skip75
\mhchem@minispace@tmp=\skip76
\mhchem@option@minussidebearingleft=\skip77
\mhchem@option@minussidebearingright=\skip78
) ("C:\Program Files\MiKTeX 2.9\tex\latex\base\inputenc.sty"
Package: inputenc 2008/03/30 v1.1d Input encoding file
\inpenc@prehook=\toks32
\inpenc@posthook=\toks33
 ("C:\Program Files\MiKTeX 2.9\tex\latex\base\utf8.def"
File: utf8.def 2008/04/05 v1.1m UTF-8 support for inputenc
Now handling font encoding OML ...
... no UTF-8 mapping file for font encoding OML
Now handling font encoding T1 ...
... processing UTF-8 mapping file for font encoding T1

("C:\Program Files\MiKTeX 2.9\tex\latex\base\t1enc.dfu"
File: t1enc.dfu 2008/04/05 v1.1m UTF-8 support for inputenc
   defining Unicode char U+00A1 (decimal 161)
   defining Unicode char U+00A3 (decimal 163)
   defining Unicode char U+00AB (decimal 171)
   defining Unicode char U+00BB (decimal 187)
   defining Unicode char U+00BF (decimal 191)
   defining Unicode char U+00C0 (decimal 192)
   defining Unicode char U+00C1 (decimal 193)
   defining Unicode char U+00C2 (decimal 194)
   defining Unicode char U+00C3 (decimal 195)
   defining Unicode char U+00C4 (decimal 196)
   defining Unicode char U+00C5 (decimal 197)
   defining Unicode char U+00C6 (decimal 198)
   defining Unicode char U+00C7 (decimal 199)
   defining Unicode char U+00C8 (decimal 200)
   defining Unicode char U+00C9 (decimal 201)
   defining Unicode char U+00CA (decimal 202)
   defining Unicode char U+00CB (decimal 203)
   defining Unicode char U+00CC (decimal 204)
   defining Unicode char U+00CD (decimal 205)
   defining Unicode char U+00CE (decimal 206)
   defining Unicode char U+00CF (decimal 207)
   defining Unicode char U+00D0 (decimal 208)
   defining Unicode char U+00D1 (decimal 209)
   defining Unicode char U+00D2 (decimal 210)
   defining Unicode char U+00D3 (decimal 211)
   defining Unicode char U+00D4 (decimal 212)
   defining Unicode char U+00D5 (decimal 213)
   defining Unicode char U+00D6 (decimal 214)
   defining Unicode char U+00D8 (decimal 216)
   defining Unicode char U+00D9 (decimal 217)
   defining Unicode char U+00DA (decimal 218)
   defining Unicode char U+00DB (decimal 219)
   defining Unicode char U+00DC (decimal 220)
   defining Unicode char U+00DD (decimal 221)
   defining Unicode char U+00DE (decimal 222)
   defining Unicode char U+00DF (decimal 223)
   defining Unicode char U+00E0 (decimal 224)
   defining Unicode char U+00E1 (decimal 225)
   defining Unicode char U+00E2 (decimal 226)
   defining Unicode char U+00E3 (decimal 227)
   defining Unicode char U+00E4 (decimal 228)
   defining Unicode char U+00E5 (decimal 229)
   defining Unicode char U+00E6 (decimal 230)
   defining Unicode char U+00E7 (decimal 231)
   defining Unicode char U+00E8 (decimal 232)
   defining Unicode char U+00E9 (decimal 233)
   defining Unicode char U+00EA (decimal 234)
   defining Unicode char U+00EB (decimal 235)
   defining Unicode char U+00EC (decimal 236)
   defining Unicode char U+00ED (decimal 237)
   defining Unicode char U+00EE (decimal 238)
   defining Unicode char U+00EF (decimal 239)
   defining Unicode char U+00F0 (decimal 240)
   defining Unicode char U+00F1 (decimal 241)
   defining Unicode char U+00F2 (decimal 242)
   defining Unicode char U+00F3 (decimal 243)
   defining Unicode char U+00F4 (decimal 244)
   defining Unicode char U+00F5 (decimal 245)
   defining Unicode char U+00F6 (decimal 246)
   defining Unicode char U+00F8 (decimal 248)
   defining Unicode char U+00F9 (decimal 249)
   defining Unicode char U+00FA (decimal 250)
   defining Unicode char U+00FB (decimal 251)
   defining Unicode char U+00FC (decimal 252)
   defining Unicode char U+00FD (decimal 253)
   defining Unicode char U+00FE (decimal 254)
   defining Unicode char U+00FF (decimal 255)
   defining Unicode char U+0102 (decimal 258)
   defining Unicode char U+0103 (decimal 259)
   defining Unicode char U+0104 (decimal 260)
   defining Unicode char U+0105 (decimal 261)
   defining Unicode char U+0106 (decimal 262)
   defining Unicode char U+0107 (decimal 263)
   defining Unicode char U+010C (decimal 268)
   defining Unicode char U+010D (decimal 269)
   defining Unicode char U+010E (decimal 270)
   defining Unicode char U+010F (decimal 271)
   defining Unicode char U+0110 (decimal 272)
   defining Unicode char U+0111 (decimal 273)
   defining Unicode char U+0118 (decimal 280)
   defining Unicode char U+0119 (decimal 281)
   defining Unicode char U+011A (decimal 282)
   defining Unicode char U+011B (decimal 283)
   defining Unicode char U+011E (decimal 286)
   defining Unicode char U+011F (decimal 287)
   defining Unicode char U+0130 (decimal 304)
   defining Unicode char U+0131 (decimal 305)
   defining Unicode char U+0132 (decimal 306)
   defining Unicode char U+0133 (decimal 307)
   defining Unicode char U+0139 (decimal 313)
   defining Unicode char U+013A (decimal 314)
   defining Unicode char U+013D (decimal 317)
   defining Unicode char U+013E (decimal 318)
   defining Unicode char U+0141 (decimal 321)
   defining Unicode char U+0142 (decimal 322)
   defining Unicode char U+0143 (decimal 323)
   defining Unicode char U+0144 (decimal 324)
   defining Unicode char U+0147 (decimal 327)
   defining Unicode char U+0148 (decimal 328)
   defining Unicode char U+014A (decimal 330)
   defining Unicode char U+014B (decimal 331)
   defining Unicode char U+0150 (decimal 336)
   defining Unicode char U+0151 (decimal 337)
   defining Unicode char U+0152 (decimal 338)
   defining Unicode char U+0153 (decimal 339)
   defining Unicode char U+0154 (decimal 340)
   defining Unicode char U+0155 (decimal 341)
   defining Unicode char U+0158 (decimal 344)
   defining Unicode char U+0159 (decimal 345)
   defining Unicode char U+015A (decimal 346)
   defining Unicode char U+015B (decimal 347)
   defining Unicode char U+015E (decimal 350)
   defining Unicode char U+015F (decimal 351)
   defining Unicode char U+0160 (decimal 352)
   defining Unicode char U+0161 (decimal 353)
   defining Unicode char U+0162 (decimal 354)
   defining Unicode char U+0163 (decimal 355)
   defining Unicode char U+0164 (decimal 356)
   defining Unicode char U+0165 (decimal 357)
   defining Unicode char U+016E (decimal 366)
   defining Unicode char U+016F (decimal 367)
   defining Unicode char U+0170 (decimal 368)
   defining Unicode char U+0171 (decimal 369)
   defining Unicode char U+0178 (decimal 376)
   defining Unicode char U+0179 (decimal 377)
   defining Unicode char U+017A (decimal 378)
   defining Unicode char U+017B (decimal 379)
   defining Unicode char U+017C (decimal 380)
   defining Unicode char U+017D (decimal 381)
   defining Unicode char U+017E (decimal 382)
   defining Unicode char U+200C (decimal 8204)
   defining Unicode char U+2013 (decimal 8211)
   defining Unicode char U+2014 (decimal 8212)
   defining Unicode char U+2018 (decimal 8216)
   defining Unicode char U+2019 (decimal 8217)
   defining Unicode char U+201A (decimal 8218)
   defining Unicode char U+201C (decimal 8220)
   defining Unicode char U+201D (decimal 8221)
   defining Unicode char U+201E (decimal 8222)
   defining Unicode char U+2030 (decimal 8240)
   defining Unicode char U+2031 (decimal 8241)
   defining Unicode char U+2039 (decimal 8249)
   defining Unicode char U+203A (decimal 8250)
   defining Unicode char U+2423 (decimal 9251)
)
Now handling font encoding OT1 ...
... processing UTF-8 mapping file for font encoding OT1
 ("C:\Program Files\MiKTeX 2.9\tex\latex\base\ot1enc.dfu"
File: ot1enc.dfu 2008/04/05 v1.1m UTF-8 support for inputenc
   defining Unicode char U+00A1 (decimal 161)
   defining Unicode char U+00A3 (decimal 163)
   defining Unicode char U+00B8 (decimal 184)
   defining Unicode char U+00BF (decimal 191)
   defining Unicode char U+00C5 (decimal 197)
   defining Unicode char U+00C6 (decimal 198)
   defining Unicode char U+00D8 (decimal 216)
   defining Unicode char U+00DF (decimal 223)
   defining Unicode char U+00E6 (decimal 230)
   defining Unicode char U+00EC (decimal 236)
   defining Unicode char U+00ED (decimal 237)
   defining Unicode char U+00EE (decimal 238)
   defining Unicode char U+00EF (decimal 239)
   defining Unicode char U+00F8 (decimal 248)
   defining Unicode char U+0131 (decimal 305)
   defining Unicode char U+0141 (decimal 321)
   defining Unicode char U+0142 (decimal 322)
   defining Unicode char U+0152 (decimal 338)
   defining Unicode char U+0153 (decimal 339)
   defining Unicode char U+2013 (decimal 8211)
   defining Unicode char U+2014 (decimal 8212)
   defining Unicode char U+2018 (decimal 8216)
   defining Unicode char U+2019 (decimal 8217)
   defining Unicode char U+201C (decimal 8220)
   defining Unicode char U+201D (decimal 8221)
)
Now handling font encoding OMS ...
... processing UTF-8 mapping file for font encoding OMS

("C:\Program Files\MiKTeX 2.9\tex\latex\base\omsenc.dfu"
File: omsenc.dfu 2008/04/05 v1.1m UTF-8 support for inputenc
   defining Unicode char U+00A7 (decimal 167)
   defining Unicode char U+00B6 (decimal 182)
   defining Unicode char U+00B7 (decimal 183)
   defining Unicode char U+2020 (decimal 8224)
   defining Unicode char U+2021 (decimal 8225)
   defining Unicode char U+2022 (decimal 8226)
)
Now handling font encoding OMX ...
... no UTF-8 mapping file for font encoding OMX
Now handling font encoding U ...
... no UTF-8 mapping file for font encoding U
   defining Unicode char U+00A9 (decimal 169)
   defining Unicode char U+00AA (decimal 170)
   defining Unicode char U+00AE (decimal 174)
   defining Unicode char U+00BA (decimal 186)
   defining Unicode char U+02C6 (decimal 710)
   defining Unicode char U+02DC (decimal 732)
   defining Unicode char U+200C (decimal 8204)
   defining Unicode char U+2026 (decimal 8230)
   defining Unicode char U+2122 (decimal 8482)
   defining Unicode char U+2423 (decimal 9251)
))
Class revtex4-1 Info: Patching array package. on input line 15.
Class revtex4-1 Info: Robustifying \LaTeX's \boldmath command on input line 15.
Class revtex4-1 Info: cite was not loaded (OK!) on input line 15.
Class revtex4-1 Info: mcite was not loaded (OK!) on input line 15.
Class revtex4-1 Info: multicol was not loaded (OK!) on input line 15.

("C:\Users\thiyagan\Documents\Dropbox\TCD\work\Project work\Mn2RuGa\Paper writing\transport\Transport-V4.aux")
LaTeX Font Info:    Checking defaults for OML/cmm/m/it on input line 15.
LaTeX Font Info:    ... okay on input line 15.
LaTeX Font Info:    Checking defaults for T1/cmr/m/n on input line 15.
LaTeX Font Info:    ... okay on input line 15.
LaTeX Font Info:    Checking defaults for OT1/cmr/m/n on input line 15.
LaTeX Font Info:    ... okay on input line 15.
LaTeX Font Info:    Checking defaults for OMS/cmsy/m/n on input line 15.
LaTeX Font Info:    ... okay on input line 15.
LaTeX Font Info:    Checking defaults for OMX/cmex/m/n on input line 15.
LaTeX Font Info:    ... okay on input line 15.
LaTeX Font Info:    Checking defaults for U/cmr/m/n on input line 15.
LaTeX Font Info:    ... okay on input line 15.

("C:\Program Files\MiKTeX 2.9\tex\context\base\supp-pdf.mkii"
[Loading MPS to PDF converter (version 2006.09.02).]
\scratchcounter=\count280
\scratchdimen=\dimen164
\scratchbox=\box60
\nofMPsegments=\count281
\nofMParguments=\count282
\everyMPshowfont=\toks34
\MPscratchCnt=\count283
\MPscratchDim=\dimen165
\MPnumerator=\count284
\makeMPintoPDFobject=\count285
\everyMPtoPDFconversion=\toks35
)
Now handling font encoding TS1 ...
... processing UTF-8 mapping file for font encoding TS1
 ("C:\Program Files\MiKTeX 2.9\tex\latex\base\ts1enc.dfu"
File: ts1enc.dfu 2008/04/05 v1.1m UTF-8 support for inputenc
   defining Unicode char U+00A2 (decimal 162)
   defining Unicode char U+00A3 (decimal 163)
   defining Unicode char U+00A4 (decimal 164)
   defining Unicode char U+00A5 (decimal 165)
   defining Unicode char U+00A6 (decimal 166)
   defining Unicode char U+00A7 (decimal 167)
   defining Unicode char U+00A8 (decimal 168)
   defining Unicode char U+00A9 (decimal 169)
   defining Unicode char U+00AA (decimal 170)
   defining Unicode char U+00AC (decimal 172)
   defining Unicode char U+00AE (decimal 174)
   defining Unicode char U+00AF (decimal 175)
   defining Unicode char U+00B0 (decimal 176)
   defining Unicode char U+00B1 (decimal 177)
   defining Unicode char U+00B2 (decimal 178)
   defining Unicode char U+00B3 (decimal 179)
   defining Unicode char U+00B4 (decimal 180)
   defining Unicode char U+00B5 (decimal 181)
   defining Unicode char U+00B6 (decimal 182)
   defining Unicode char U+00B7 (decimal 183)
   defining Unicode char U+00B9 (decimal 185)
   defining Unicode char U+00BA (decimal 186)
   defining Unicode char U+00BC (decimal 188)
   defining Unicode char U+00BD (decimal 189)
   defining Unicode char U+00BE (decimal 190)
   defining Unicode char U+00D7 (decimal 215)
   defining Unicode char U+00F7 (decimal 247)
   defining Unicode char U+0192 (decimal 402)
   defining Unicode char U+02C7 (decimal 711)
   defining Unicode char U+02D8 (decimal 728)
   defining Unicode char U+02DD (decimal 733)
   defining Unicode char U+0E3F (decimal 3647)
   defining Unicode char U+2016 (decimal 8214)
   defining Unicode char U+2020 (decimal 8224)
   defining Unicode char U+2021 (decimal 8225)
   defining Unicode char U+2022 (decimal 8226)
   defining Unicode char U+2030 (decimal 8240)
   defining Unicode char U+2031 (decimal 8241)
   defining Unicode char U+203B (decimal 8251)
   defining Unicode char U+203D (decimal 8253)
   defining Unicode char U+2044 (decimal 8260)
   defining Unicode char U+204E (decimal 8270)
   defining Unicode char U+2052 (decimal 8274)
   defining Unicode char U+20A1 (decimal 8353)
   defining Unicode char U+20A4 (decimal 8356)
   defining Unicode char U+20A6 (decimal 8358)
   defining Unicode char U+20A9 (decimal 8361)
   defining Unicode char U+20AB (decimal 8363)
   defining Unicode char U+20AC (decimal 8364)
   defining Unicode char U+20B1 (decimal 8369)
   defining Unicode char U+2103 (decimal 8451)
   defining Unicode char U+2116 (decimal 8470)
   defining Unicode char U+2117 (decimal 8471)
   defining Unicode char U+211E (decimal 8478)
   defining Unicode char U+2120 (decimal 8480)
   defining Unicode char U+2122 (decimal 8482)
   defining Unicode char U+2126 (decimal 8486)
   defining Unicode char U+2127 (decimal 8487)
   defining Unicode char U+212E (decimal 8494)
   defining Unicode char U+2190 (decimal 8592)
   defining Unicode char U+2191 (decimal 8593)
   defining Unicode char U+2192 (decimal 8594)
   defining Unicode char U+2193 (decimal 8595)
   defining Unicode char U+2329 (decimal 9001)
   defining Unicode char U+232A (decimal 9002)
   defining Unicode char U+2422 (decimal 9250)
   defining Unicode char U+25E6 (decimal 9702)
   defining Unicode char U+25EF (decimal 9711)
   defining Unicode char U+266A (decimal 9834)
)
("C:\Program Files\MiKTeX 2.9\tex\latex\beamer\base\translator\dicts\translator-basic-dictionary\translator-basic-dictio
nary-English.dict"
Dictionary: translator-basic-dictionary, Language: English 
) ("C:\Program Files\MiKTeX 2.9\tex\latex\siunitx\config\siunitx-abbreviations.cfg"
File: siunitx-abbreviations.cfg 2011/09/13 v2.3f siunitx: Abbreviated units
)
("C:\Program Files\MiKTeX 2.9\tex\latex\siunitx\config\siunitx-binary.cfg"
File: siunitx-binary.cfg 2011/09/13 v2.3f siunitx: Binary units
)
("C:\Program Files\MiKTeX 2.9\tex\latex\lineno\lineno.sty"
Package: lineno 2005/11/02 line numbers on paragraphs v4.41
\linenopenalty=\count286
\output=\toks36
\linenoprevgraf=\count287
\linenumbersep=\dimen166
\linenumberwidth=\dimen167
\c@linenumber=\count288
\c@pagewiselinenumber=\count289
\c@LN@truepage=\count290
\c@internallinenumber=\count291
\c@internallinenumbers=\count292
\quotelinenumbersep=\dimen168
\bframerule=\dimen169
\bframesep=\dimen170
\bframebox=\box61
LaTeX Info: Redefining \\ on input line 3056.
)
\c_siunitx_mathsf_int=\count293
\c_siunitx_mathtt_int=\count294
LaTeX Info: Redefining \bond on input line 33.
LaTeX Info: Redefining \dbond on input line 33.
LaTeX Info: Redefining \tbond on input line 33.
LaTeX Info: Redefining \bond on input line 33.
LaTeX Info: Redefining \dbond on input line 33.
LaTeX Info: Redefining \tbond on input line 33.
LaTeX Info: Redefining \bond on input line 33.
LaTeX Info: Redefining \dbond on input line 33.
LaTeX Info: Redefining \tbond on input line 33.
LaTeX Info: Redefining \bond on input line 36.
LaTeX Info: Redefining \dbond on input line 36.
LaTeX Info: Redefining \tbond on input line 36.
LaTeX Info: Redefining \bond on input line 42.
LaTeX Info: Redefining \dbond on input line 42.
LaTeX Info: Redefining \tbond on input line 42.
LaTeX Info: Redefining \bond on input line 42.
LaTeX Info: Redefining \dbond on input line 42.
LaTeX Info: Redefining \tbond on input line 42.
LaTeX Info: Redefining \bond on input line 44.
LaTeX Info: Redefining \dbond on input line 44.
LaTeX Info: Redefining \tbond on input line 44.
LaTeX Info: Redefining \bond on input line 44.
LaTeX Info: Redefining \dbond on input line 44.
LaTeX Info: Redefining \tbond on input line 44.
LaTeX Info: Redefining \bond on input line 44.
LaTeX Info: Redefining \dbond on input line 44.
LaTeX Info: Redefining \tbond on input line 44.
LaTeX Info: Redefining \bond on input line 44.
LaTeX Info: Redefining \dbond on input line 44.
LaTeX Info: Redefining \tbond on input line 44.
LaTeX Info: Redefining \bond on input line 51.
LaTeX Info: Redefining \dbond on input line 51.
LaTeX Info: Redefining \tbond on input line 51.
LaTeX Info: Redefining \bond on input line 51.
LaTeX Info: Redefining \dbond on input line 51.
LaTeX Info: Redefining \tbond on input line 51.
LaTeX Info: Redefining \bond on input line 51.
LaTeX Info: Redefining \dbond on input line 51.
LaTeX Info: Redefining \tbond on input line 51.
LaTeX Info: Redefining \bond on input line 51.
LaTeX Info: Redefining \dbond on input line 51.
LaTeX Info: Redefining \tbond on input line 51.
LaTeX Info: Redefining \bond on input line 51.
LaTeX Info: Redefining \dbond on input line 51.
LaTeX Info: Redefining \tbond on input line 51.
LaTeX Info: Redefining \bond on input line 51.
LaTeX Info: Redefining \dbond on input line 51.
LaTeX Info: Redefining \tbond on input line 51.
LaTeX Info: Redefining \bond on input line 51.
LaTeX Info: Redefining \dbond on input line 51.
LaTeX Info: Redefining \tbond on input line 51.
LaTeX Info: Redefining \bond on input line 51.
LaTeX Info: Redefining \dbond on input line 51.
LaTeX Info: Redefining \tbond on input line 51.
LaTeX Info: Redefining \bond on input line 51.
LaTeX Info: Redefining \dbond on input line 51.
LaTeX Info: Redefining \tbond on input line 51.
LaTeX Info: Redefining \bond on input line 51.
LaTeX Info: Redefining \dbond on input line 51.
LaTeX Info: Redefining \tbond on input line 51.
LaTeX Info: Redefining \bond on input line 51.
LaTeX Info: Redefining \dbond on input line 51.
LaTeX Info: Redefining \tbond on input line 51.
LaTeX Info: Redefining \bond on input line 51.
LaTeX Info: Redefining \dbond on input line 51.
LaTeX Info: Redefining \tbond on input line 51.
LaTeX Info: Redefining \bond on input line 51.
LaTeX Info: Redefining \dbond on input line 51.
LaTeX Info: Redefining \tbond on input line 51.
LaTeX Info: Redefining \bond on input line 51.
LaTeX Info: Redefining \dbond on input line 51.
LaTeX Info: Redefining \tbond on input line 51.
LaTeX Info: Redefining \bond on input line 51.
LaTeX Info: Redefining \dbond on input line 51.
LaTeX Info: Redefining \tbond on input line 51.
LaTeX Info: Redefining \bond on input line 51.
LaTeX Info: Redefining \dbond on input line 51.
LaTeX Info: Redefining \tbond on input line 51.
LaTeX Info: Redefining \bond on input line 51.
LaTeX Info: Redefining \dbond on input line 51.
LaTeX Info: Redefining \tbond on input line 51.
LaTeX Info: Redefining \bond on input line 51.
LaTeX Info: Redefining \dbond on input line 51.
LaTeX Info: Redefining \tbond on input line 51.
LaTeX Info: Redefining \bond on input line 51.
LaTeX Info: Redefining \dbond on input line 51.
LaTeX Info: Redefining \tbond on input line 51.
LaTeX Info: Redefining \bond on input line 51.
LaTeX Info: Redefining \dbond on input line 51.
LaTeX Info: Redefining \tbond on input line 51.
LaTeX Info: Redefining \bond on input line 51.
LaTeX Info: Redefining \dbond on input line 51.
LaTeX Info: Redefining \tbond on input line 51.

Underfull \hbox (badness 1424) in paragraph at lines 51--52
[]$\OT1/cmr/m/n/10 (15)/$[]$(2.8)/[$[]$(0.2)/$[]$(0.6)]$[]$/$[]$([]$ $[]) in or-
 []

LaTeX Info: Redefining \bond on input line 60.
LaTeX Info: Redefining \dbond on input line 60.
LaTeX Info: Redefining \tbond on input line 60.
<Transport-Fig0.pdf, id=1, 220.823pt x 190.07312pt>
File: Transport-Fig0.pdf Graphic file (type pdf)
 <use Transport-Fig0.pdf>
Package pdftex.def Info: Transport-Fig0.pdf used on input line 85.
(pdftex.def)             Requested size: 246.0pt x 211.75223pt.
LaTeX Info: Redefining \bond on input line 86.
LaTeX Info: Redefining \dbond on input line 86.
LaTeX Info: Redefining \tbond on input line 86.
LaTeX Info: Redefining \bond on input line 86.
LaTeX Info: Redefining \dbond on input line 86.
LaTeX Info: Redefining \tbond on input line 86.
LaTeX Info: Redefining \bond on input line 86.
LaTeX Info: Redefining \dbond on input line 86.
LaTeX Info: Redefining \tbond on input line 86.
LaTeX Info: Redefining \bond on input line 86.
LaTeX Info: Redefining \dbond on input line 86.
LaTeX Info: Redefining \tbond on input line 86.
LaTeX Info: Redefining \bond on input line 90.
LaTeX Info: Redefining \dbond on input line 90.
LaTeX Info: Redefining \tbond on input line 90.
LaTeX Info: Redefining \bond on input line 90.
LaTeX Info: Redefining \dbond on input line 90.
LaTeX Info: Redefining \tbond on input line 90.
LaTeX Info: Redefining \bond on input line 90.
LaTeX Info: Redefining \dbond on input line 90.
LaTeX Info: Redefining \tbond on input line 90.
LaTeX Info: Redefining \bond on input line 90.
LaTeX Info: Redefining \dbond on input line 90.
LaTeX Info: Redefining \tbond on input line 90.
LaTeX Info: Redefining \bond on input line 90.
LaTeX Info: Redefining \dbond on input line 90.
LaTeX Info: Redefining \tbond on input line 90.
 [1{C:/ProgramData/MiKTeX/2.9/pdftex/config/pdftex.map}]

LaTeX Warning: A float is stuck (cannot be placed) on input line 91.


LaTeX Warning: A float is stuck (cannot be placed) on input line 91.


Class revtex4-1 Warning: Deferred float stuck during \clearpage processing.

<Transport-Fig1.pdf, id=18, 346.00366pt x 189.30322pt>
File: Transport-Fig1.pdf Graphic file (type pdf)
 <use Transport-Fig1.pdf>
Package pdftex.def Info: Transport-Fig1.pdf used on input line 94.
(pdftex.def)             Requested size: 369.0pt x 201.88518pt.

Overfull \hbox (123.0pt too wide) in paragraph at lines 94--95
 [][] 
 []

LaTeX Info: Redefining \bond on input line 95.
LaTeX Info: Redefining \dbond on input line 95.
LaTeX Info: Redefining \tbond on input line 95.
LaTeX Info: Redefining \bond on input line 95.
LaTeX Info: Redefining \dbond on input line 95.
LaTeX Info: Redefining \tbond on input line 95.
<Transport-Fig2.pdf, id=19, 232.80978pt x 354.8437pt>
File: Transport-Fig2.pdf Graphic file (type pdf)
 <use Transport-Fig2.pdf>
Package pdftex.def Info: Transport-Fig2.pdf used on input line 101.
(pdftex.def)             Requested size: 246.0pt x 374.963pt.
LaTeX Info: Redefining \bond on input line 102.
LaTeX Info: Redefining \dbond on input line 102.
LaTeX Info: Redefining \tbond on input line 102.
LaTeX Info: Redefining \bond on input line 102.
LaTeX Info: Redefining \dbond on input line 102.
LaTeX Info: Redefining \tbond on input line 102.

<Transport-Fig3.pdf, id=20, 254.24686pt x 170.48593pt>
File: Transport-Fig3.pdf Graphic file (type pdf)
 <use Transport-Fig3.pdf>
Package pdftex.def Info: Transport-Fig3.pdf used on input line 108.
(pdftex.def)             Requested size: 246.0pt x 164.9627pt.
LaTeX Info: Redefining \bond on input line 109.
LaTeX Info: Redefining \dbond on input line 109.
LaTeX Info: Redefining \tbond on input line 109.
LaTeX Info: Redefining \bond on input line 109.
LaTeX Info: Redefining \dbond on input line 109.
LaTeX Info: Redefining \tbond on input line 109.
LaTeX Info: Redefining \bond on input line 109.
LaTeX Info: Redefining \dbond on input line 109.
LaTeX Info: Redefining \tbond on input line 109.
LaTeX Info: Redefining \bond on input line 109.
LaTeX Info: Redefining \dbond on input line 109.
LaTeX Info: Redefining \tbond on input line 109.
LaTeX Info: Redefining \bond on input line 109.
LaTeX Info: Redefining \dbond on input line 109.
LaTeX Info: Redefining \tbond on input line 109.
LaTeX Info: Redefining \bond on input line 109.
LaTeX Info: Redefining \dbond on input line 109.
LaTeX Info: Redefining \tbond on input line 109.
LaTeX Info: Redefining \bond on input line 113.
LaTeX Info: Redefining \dbond on input line 113.
LaTeX Info: Redefining \tbond on input line 113.
LaTeX Info: Redefining \bond on input line 113.
LaTeX Info: Redefining \dbond on input line 113.
LaTeX Info: Redefining \tbond on input line 113.
LaTeX Info: Redefining \bond on input line 113.
LaTeX Info: Redefining \dbond on input line 113.
LaTeX Info: Redefining \tbond on input line 113.

<Transport-Fig4.pdf, id=21, 228.322pt x 333.85727pt>
File: Transport-Fig4.pdf Graphic file (type pdf)
 <use Transport-Fig4.pdf>
Package pdftex.def Info: Transport-Fig4.pdf used on input line 117.
(pdftex.def)             Requested size: 246.0pt x 359.71992pt.
LaTeX Info: Redefining \bond on input line 118.
LaTeX Info: Redefining \dbond on input line 118.
LaTeX Info: Redefining \tbond on input line 118.
LaTeX Info: Redefining \bond on input line 118.
LaTeX Info: Redefining \dbond on input line 118.
LaTeX Info: Redefining \tbond on input line 118.
LaTeX Info: Redefining \bond on input line 118.
LaTeX Info: Redefining \dbond on input line 118.
LaTeX Info: Redefining \tbond on input line 118.
LaTeX Info: Redefining \bond on input line 118.
LaTeX Info: Redefining \dbond on input line 118.
LaTeX Info: Redefining \tbond on input line 118.
LaTeX Info: Redefining \bond on input line 118.
LaTeX Info: Redefining \dbond on input line 118.
LaTeX Info: Redefining \tbond on input line 118.
LaTeX Info: Redefining \bond on input line 118.
LaTeX Info: Redefining \dbond on input line 118.
LaTeX Info: Redefining \tbond on input line 118.
LaTeX Info: Redefining \bond on input line 122.
LaTeX Info: Redefining \dbond on input line 122.
LaTeX Info: Redefining \tbond on input line 122.
LaTeX Info: Redefining \bond on input line 122.
LaTeX Info: Redefining \dbond on input line 122.
LaTeX Info: Redefining \tbond on input line 122.
LaTeX Info: Redefining \bond on input line 122.
LaTeX Info: Redefining \dbond on input line 122.
LaTeX Info: Redefining \tbond on input line 122.
LaTeX Info: Redefining \bond on input line 122.
LaTeX Info: Redefining \dbond on input line 122.
LaTeX Info: Redefining \tbond on input line 122.
LaTeX Info: Redefining \bond on input line 122.
LaTeX Info: Redefining \dbond on input line 122.
LaTeX Info: Redefining \tbond on input line 122.
 [2 <C:/Users/thiyagan/Documents/Dropbox/TCD/work/Project work/Mn2RuGa/Paper writing/transport/Transport-Fig0.pdf> <C:/U
sers/thiyagan/Documents/Dropbox/TCD/work/Project work/Mn2RuGa/Paper writing/transport/Transport-Fig1.pdf>]

LaTeX Warning: A float is stuck (cannot be placed) on input line 123.


LaTeX Warning: A float is stuck (cannot be placed) on input line 123.


Class revtex4-1 Warning: Deferred float stuck during \clearpage processing.

<Transport-Fig5.pdf, id=102, 224.07213pt x 220.60115pt>
File: Transport-Fig5.pdf Graphic file (type pdf)
 <use Transport-Fig5.pdf>
Package pdftex.def Info: Transport-Fig5.pdf used on input line 126.
(pdftex.def)             Requested size: 246.0pt x 242.19748pt.

<Transport-Fig5in.pdf, id=103, 226.07562pt x 176.01659pt>
File: Transport-Fig5in.pdf Graphic file (type pdf)
 <use Transport-Fig5in.pdf>
Package pdftex.def Info: Transport-Fig5in.pdf used on input line 126.
(pdftex.def)             Requested size: 73.80075pt x 57.45985pt.

! Bad register code (-1).
<to be read again> 
                   !
l.126 ...0.3\columnwidth]{Transport-Fig5in.pdf}}}}
                                                  
A register number must be between 0 and 32767.
I changed this one to zero.

LaTeX Info: Redefining \bond on input line 127.
LaTeX Info: Redefining \dbond on input line 127.
LaTeX Info: Redefining \tbond on input line 127.
LaTeX Info: Redefining \bond on input line 127.
LaTeX Info: Redefining \dbond on input line 127.
LaTeX Info: Redefining \tbond on input line 127.
LaTeX Info: Redefining \bond on input line 127.
LaTeX Info: Redefining \dbond on input line 127.
LaTeX Info: Redefining \tbond on input line 127.
LaTeX Info: Redefining \bond on input line 127.
LaTeX Info: Redefining \dbond on input line 127.
LaTeX Info: Redefining \tbond on input line 127.
LaTeX Info: Redefining \bond on input line 127.
LaTeX Info: Redefining \dbond on input line 127.
LaTeX Info: Redefining \tbond on input line 127.
LaTeX Info: Redefining \bond on input line 127.
LaTeX Info: Redefining \dbond on input line 127.
LaTeX Info: Redefining \tbond on input line 127.
LaTeX Info: Redefining \bond on input line 127.
LaTeX Info: Redefining \dbond on input line 127.
LaTeX Info: Redefining \tbond on input line 127.
LaTeX Info: Redefining \bond on input line 127.
LaTeX Info: Redefining \dbond on input line 127.
LaTeX Info: Redefining \tbond on input line 127.
LaTeX Info: Redefining \bond on input line 127.
LaTeX Info: Redefining \dbond on input line 127.
LaTeX Info: Redefining \tbond on input line 127.
LaTeX Info: Redefining \bond on input line 127.
LaTeX Info: Redefining \dbond on input line 127.
LaTeX Info: Redefining \tbond on input line 127.

Underfull \hbox (badness 10000) in paragraph at lines 127--127
[]\OT1/cmr/m/n/9 FIG. 6. MR of a pseudo spin valve
 []


Underfull \hbox (badness 10000) in paragraph at lines 127--127
[]$\OT1/cmr/m/n/9 (15)/$[]$(2.8)/[$[]$(0.2)/$[]$(0.6)]$[]$/$[]$([]$ $[])
 []

LaTeX Info: Redefining \bond on input line 132.
LaTeX Info: Redefining \dbond on input line 132.
LaTeX Info: Redefining \tbond on input line 132.
LaTeX Info: Redefining \bond on input line 132.
LaTeX Info: Redefining \dbond on input line 132.
LaTeX Info: Redefining \tbond on input line 132.
LaTeX Info: Redefining \bond on input line 132.
LaTeX Info: Redefining \dbond on input line 132.
LaTeX Info: Redefining \tbond on input line 132.
LaTeX Info: Redefining \bond on input line 132.
LaTeX Info: Redefining \dbond on input line 132.
LaTeX Info: Redefining \tbond on input line 132.
LaTeX Info: Redefining \bond on input line 132.
LaTeX Info: Redefining \dbond on input line 132.
LaTeX Info: Redefining \tbond on input line 132.
LaTeX Info: Redefining \bond on input line 132.
LaTeX Info: Redefining \dbond on input line 132.
LaTeX Info: Redefining \tbond on input line 132.
LaTeX Info: Redefining \bond on input line 132.
LaTeX Info: Redefining \dbond on input line 132.
LaTeX Info: Redefining \tbond on input line 132.
LaTeX Info: Redefining \bond on input line 132.
LaTeX Info: Redefining \dbond on input line 132.
LaTeX Info: Redefining \tbond on input line 132.
LaTeX Info: Redefining \bond on input line 132.
LaTeX Info: Redefining \dbond on input line 132.
LaTeX Info: Redefining \tbond on input line 132.
LaTeX Info: Redefining \bond on input line 132.
LaTeX Info: Redefining \dbond on input line 132.
LaTeX Info: Redefining \tbond on input line 132.

Underfull \hbox (badness 1052) in paragraph at lines 132--133
[]\OT1/cmr/m/n/10 Finally we mea-sured the mag-ne-tore-sis-tance (MR)
 []

LaTeX Info: Redefining \bond on input line 136.
LaTeX Info: Redefining \dbond on input line 136.
LaTeX Info: Redefining \tbond on input line 136.
LaTeX Info: Redefining \bond on input line 137.
LaTeX Info: Redefining \dbond on input line 137.
LaTeX Info: Redefining \tbond on input line 137.
[3 <C:/Users/thiyagan/Documents/Dropbox/TCD/work/Project work/Mn2RuGa/Paper writing/transport/Transport-Fig2.pdf> <C:/Us
ers/thiyagan/Documents/Dropbox/TCD/work/Project work/Mn2RuGa/Paper writing/transport/Transport-Fig3.pdf>]

LaTeX Warning: A float is stuck (cannot be placed) on input line 138.


LaTeX Warning: A float is stuck (cannot be placed) on input line 138.


Class revtex4-1 Warning: Deferred float stuck during \clearpage processing.

("C:\Users\thiyagan\Documents\Dropbox\TCD\work\Project work\Mn2RuGa\Paper writing\transport\Transport-V4.bbl" [4 <C:/Use
rs/thiyagan/Documents/Dropbox/TCD/work/Project work/Mn2RuGa/Paper writing/transport/Transport-Fig4.pdf> <C:/Users/thiyag
an/Documents/Dropbox/TCD/work/Project work/Mn2RuGa/Paper writing/transport/Transport-Fig5.pdf>]) [5]
("C:\Users\thiyagan\Documents\Dropbox\TCD\work\Project work\Mn2RuGa\Paper writing\transport\Transport-V4.aux") ) 
Here is how much of TeX's memory you used:
 12383 strings out of 494045
 242519 string characters out of 3148377
 281351 words of memory out of 3000000
 15504 multiletter control sequences out of 15000+200000
 14463 words of font info for 54 fonts, out of 3000000 for 9000
 715 hyphenation exceptions out of 8191
 36i,16n,43p,2241b,1091s stack positions out of 5000i,500n,10000p,200000b,50000s
<C:/Prog
ram Files/MiKTeX 2.9/fonts/type1/public/amsfonts/cm/cmbx8.pfb><C:/Program Files/MiKTeX 2.9/fonts/type1/public/amsfonts/c
m/cmmi10.pfb><C:/Program Files/MiKTeX 2.9/fonts/type1/public/amsfonts/cm/cmmi5.pfb><C:/Program Files/MiKTeX 2.9/fonts/ty
pe1/public/amsfonts/cm/cmmi6.pfb><C:/Program Files/MiKTeX 2.9/fonts/type1/public/amsfonts/cm/cmmi7.pfb><C:/Program Files
/MiKTeX 2.9/fonts/type1/public/amsfonts/cm/cmmi8.pfb><C:/Program Files/MiKTeX 2.9/fonts/type1/public/amsfonts/cm/cmmi9.p
fb><C:/Program Files/MiKTeX 2.9/fonts/type1/public/amsfonts/cm/cmr10.pfb><C:/Program Files/MiKTeX 2.9/fonts/type1/public
/amsfonts/cm/cmr5.pfb><C:/Program Files/MiKTeX 2.9/fonts/type1/public/amsfonts/cm/cmr6.pfb><C:/Program Files/MiKTeX 2.9/
fonts/type1/public/amsfonts/cm/cmr7.pfb><C:/Program Files/MiKTeX 2.9/fonts/type1/public/amsfonts/cm/cmr8.pfb><C:/Program
 Files/MiKTeX 2.9/fonts/type1/public/amsfonts/cm/cmr9.pfb><C:/Program Files/MiKTeX 2.9/fonts/type1/public/amsfonts/cm/cm
ss10.pfb><C:/Program Files/MiKTeX 2.9/fonts/type1/public/amsfonts/cm/cmss8.pfb><C:/Program Files/MiKTeX 2.9/fonts/type1/
public/amsfonts/cm/cmssbx10.pfb><C:/Program Files/MiKTeX 2.9/fonts/type1/public/amsfonts/cm/cmsy10.pfb><C:/Program Files
/MiKTeX 2.9/fonts/type1/public/amsfonts/cm/cmsy6.pfb><C:/Program Files/MiKTeX 2.9/fonts/type1/public/amsfonts/cm/cmsy7.p
fb><C:/Program Files/MiKTeX 2.9/fonts/type1/public/amsfonts/cm/cmsy8.pfb><C:/Program Files/MiKTeX 2.9/fonts/type1/public
/amsfonts/cm/cmsy9.pfb><C:/Program Files/MiKTeX 2.9/fonts/type1/public/amsfonts/cm/cmti10.pfb><C:/Program Files/MiKTeX 2
.9/fonts/type1/public/amsfonts/cm/cmti8.pfb><C:/Program Files/MiKTeX 2.9/fonts/type1/public/amsfonts/cm/cmti9.pfb>
Output written on Transport-V4.pdf (5 pages, 466690 bytes).
PDF statistics:
 296 PDF objects out of 1000 (max. 8388607)
 0 named destinations out of 1000 (max. 500000)
 36 words of extra memory for PDF output out of 10000 (max. 10000000)

